<?xml version="1.0" encoding="UTF-8"?>
<testsuite xmlns:xsi="http://www.w3.org/2001/XMLSchema-instance" xsi:noNamespaceSchemaLocation="https://maven.apache.org/surefire/maven-surefire-plugin/xsd/surefire-test-report-3.0.xsd" version="3.0" name="CustomerTest" time="0.06" tests="4" errors="0" skipped="0" failures="0">
  <properties>
[...]
</properties>
  <testcase name="testSetCustomerName" classname="CustomerTest" time="0.029"/>
  <testcase name="testSetCustomerAddress" classname="CustomerTest" time="0.002">
    <system-out><![CDATA[CustomerTest success
]]></system-out>
  </testcase>
  <testcase name="testCustomerAddress" classname="CustomerTest" time="0.001"/>
  <testcase name="testCustomerName" classname="CustomerTest" time="0.001"/>
</testsuite>